Flutter crash report.
Please report a bug at https://github.com/flutter/flutter/issues.

## command

flutter --no-color pub get

## exception

ProcessException: ProcessException: Failed to find "C:\Users\Moolya\AppData\Local\flutter\bin\cache\dart-sdk\bin\dart" in the search path.
Working directory: "E:\GoHighLevel\learn_testing"
pub env: {
  "FLUTTER_ROOT": "C:\Users\Moolya\AppData\Local\flutter",
  "PUB_ENVIRONMENT": "flutter_cli:get",
  "PUB_CACHE": "C:\Users\Moolya\AppData\Local\Pub\Cache",
}

  Command: C:\Users\Moolya\AppData\Local\flutter\bin\cache\dart-sdk\bin\dart 

```
#0      _DefaultPub.get (package:flutter_tools/src/dart/pub.dart:335:9)
<asynchronous suspension>
#1      PackagesGetCommand._runPubGet (package:flutter_tools/src/commands/packages.dart:140:7)
<asynchronous suspension>
#2      PackagesGetCommand.runCommand (package:flutter_tools/src/commands/packages.dart:175:5)
<asynchronous suspension>
#3      FlutterCommand.run.<anonymous closure> (package:flutter_tools/src/runner/flutter_command.dart:1209:27)
<asynchronous suspension>
#4      AppContext.run.<anonymous closure> (package:flutter_tools/src/base/context.dart:150:19)
<asynchronous suspension>
#5      CommandRunner.runCommand (package:args/command_runner.dart:209:13)
<asynchronous suspension>
#6      FlutterCommandRunner.runCommand.<anonymous closure> (package:flutter_tools/src/runner/flutter_command_runner.dart:281:9)
<asynchronous suspension>
#7      AppContext.run.<anonymous closure> (package:flutter_tools/src/base/context.dart:150:19)
<asynchronous suspension>
#8      FlutterCommandRunner.runCommand (package:flutter_tools/src/runner/flutter_command_runner.dart:229:5)
<asynchronous suspension>
#9      run.<anonymous closure>.<anonymous closure> (package:flutter_tools/runner.dart:62:9)
<asynchronous suspension>
#10     AppContext.run.<anonymous closure> (package:flutter_tools/src/base/context.dart:150:19)
<asynchronous suspension>
#11     main (package:flutter_tools/executable.dart:91:3)
<asynchronous suspension>
```

## flutter doctor

```
[☠] Flutter (the doctor check crashed)
    ✗ Due to an error, the doctor check did not complete. If the error message below is not helpful, please let us know about this issue at https://github.com/flutter/flutter/issues.
    ✗ Exception: Could not find directory at C:\Users\Moolya\AppData\Local\flutter\bin\cache\dart-sdk/bin/resources/devtools
    • #0      Cache.devToolsVersion (package:flutter_tools/src/cache.dart:384:9)
      #1      _DefaultDoctorValidatorsProvider.validators.<anonymous closure> (package:flutter_tools/src/doctor.dart:125:46)
      #2      FlutterValidator.validate (package:flutter_tools/src/doctor.dart:520:84)
      #3      Doctor.startValidatorTasks.<anonymous closure> (package:flutter_tools/src/doctor.dart:245:72)
      #4      asyncGuard.<anonymous closure> (package:flutter_tools/src/base/async_guard.dart:111:32)
      #5      _rootRun (dart:async/zone.dart:1398:13)
      #6      _CustomZone.run (dart:async/zone.dart:1300:19)
      #7      _runZoned (dart:async/zone.dart:1803:10)
      #8      runZonedGuarded (dart:async/zone.dart:1791:12)
      #9      runZoned (dart:async/zone.dart:1743:12)
      #10     asyncGuard (package:flutter_tools/src/base/async_guard.dart:109:3)
      #11     Doctor.startValidatorTasks (package:flutter_tools/src/doctor.dart:237:9)
      #12     DoctorText._validatorTasks (package:flutter_tools/src/doctor.dart:687:60)
      #13     DoctorText._validatorTasks (package:flutter_tools/src/doctor.dart)
      #14     DoctorText._runDiagnosis (package:flutter_tools/src/doctor.dart:691:53)
      #15     DoctorText.text (package:flutter_tools/src/doctor.dart:683:36)
      #16     DoctorText.text (package:flutter_tools/src/doctor.dart)
      #17     _createLocalCrashReport (package:flutter_tools/runner.dart:209:51)
      #18     _handleToolError (package:flutter_tools/runner.dart:165:31)
      <asynchronous suspension>
      #19     AppContext.run.<anonymous closure> (package:flutter_tools/src/base/context.dart:150:19)
      <asynchronous suspension>
      #20     main (package:flutter_tools/executable.dart:91:3)
      <asynchronous suspension>


[✓] Android toolchain - develop for Android devices (Android SDK version 34.0.0)
    • Android SDK at C:\Users\Moolya\AppData\Local\Android\Sdk
    • Platform android-34, build-tools 34.0.0
    • ANDROID_HOME = C:\Users\Moolya\AppData\Local\Android\Sdk
    • Java binary at: C:\Program Files\Java\jdk-21\bin\java
    • Java version Java(TM) SE Runtime Environment (build 21.0.2+13-LTS-58)
    • All Android licenses accepted.

[✓] Chrome - develop for the web
    • Chrome at C:\Program Files\Google\Chrome\Application\chrome.exe

[✗] Visual Studio - develop for Windows
    ✗ Visual Studio not installed; this is necessary for Windows development.
      Download at https://visualstudio.microsoft.com/downloads/.
      Please install the "Desktop development with C++" workload, including all of its default components

[!] Android Studio (version 2023.1)
    • Android Studio at C:\Program Files\Android\Android Studio
    • Flutter plugin can be installed from:
      🔨 https://plugins.jetbrains.com/plugin/9212-flutter
    • Dart plugin can be installed from:
      🔨 https://plugins.jetbrains.com/plugin/6351-dart
    ✗ Unable to find bundled Java version.
    • Try updating or re-installing Android Studio.

[✓] IntelliJ IDEA Community Edition (version 2023.3)
    • IntelliJ at C:\Program Files\JetBrains\IntelliJ IDEA Community Edition 2023.3.2
    • Flutter plugin version 77.0.1
    • Dart plugin version 233.13135.65

[✓] VS Code (version 1.85.2)
    • VS Code at C:\Users\Moolya\AppData\Local\Programs\Microsoft VS Code
    • Flutter extension version 3.80.0

[✓] Connected device (4 available)
    • sdk gphone64 x86 64 (mobile) • emulator-5554 • android-x64    • Android 13 (API 33) (emulator)
    • Windows (desktop)            • windows       • windows-x64    • Microsoft Windows [Version 10.0.19045.3930]
    • Chrome (web)                 • chrome        • web-javascript • Google Chrome 120.0.6099.225
    • Edge (web)                   • edge          • web-javascript • Microsoft Edge 120.0.2210.144

[✓] HTTP Host Availability
    • All required HTTP hosts are available

! Doctor found issues in 3 categories.
```
